<?xml version="1.0" encoding="UTF-8"?>
<!-- Generated by org.testng.reporters.JUnitXMLReporter -->
<testsuite ignored="0" hostname="DESKTOP-4VUC44N" failures="1" tests="10" name="Personal" time="0.166" errors="0" timestamp="2020-05-30T12:03:02 CDT">
  <testcase classname="testngIntro.Testng02Loans" name="LoginApp" time="0.008"/>
  <testcase classname="testngIntro.Testng02Loans" name="CreateLoan" time="0.004"/>
  <testcase classname="testngIntro.Testng02Loans" name="PreApproveLoan" time="0.002"/>
  <testcase classname="testngIntro.Testng01basics" name="Login" time="0.006"/>
  <testcase classname="testngIntro.Testng01basics" name="CreateUser" time="0.002"/>
  <testcase classname="testngIntro.Testng01basics" name="Login2" time="0.0">
    <failure type="org.testng.TestNGException" message="
Parameter &amp;apos;url&amp;apos; is required by @Test on method Login2 but has not been marked @Optional or defined
in C:\Users\nebiy\OneDrive\Desktop\Class Code Base\May batch\MayClass\TestngAutomation\testng.xml">
      <![CDATA[org.testng.TestNGException: 
Parameter 'url' is required by @Test on method Login2 but has not been marked @Optional or defined
in C:\Users\nebiy\OneDrive\Desktop\Class Code Base\May batch\MayClass\TestngAutomation\testng.xml
at java.base/java.util.ArrayList.forEach(ArrayList.java:1507)
... Removed 26 stack frames]]>
    </failure>
  </testcase> <!-- Login2 -->
  <testcase classname="testngIntro.Testng01basics" name="Register" time="0.002"/>
  <testcase classname="testngIntro.Testng03PersonalLoan" name="CreatePersonalLoan" time="0.002"/>
  <testcase classname="testngIntro.Testng03PersonalLoan" name="LoginPersonalLoanApp" time="0.002"/>
  <testcase classname="testngIntro.Testng03PersonalLoan" name="PreApprovePersonalLoan" time="0.002"/>
</testsuite> <!-- Personal -->
